------------------------------------------------------------
Client connecting to 10.0.0.3, TCP port 5001
TCP window size: 85.3 KByte (default)
------------------------------------------------------------
[ 16] local 10.0.0.2 port 44030 connected with 10.0.0.3 port 5001
[ ID] Interval       Transfer     Bandwidth
[ 16]  0.0- 1.0 sec  13.0 MBytes   109 Mbits/sec
[ 16]  1.0- 2.0 sec  12.5 MBytes   105 Mbits/sec
[ 16]  2.0- 3.0 sec  14.1 MBytes   118 Mbits/sec
[ 16]  3.0- 4.0 sec  11.5 MBytes  96.5 Mbits/sec
[ 16]  4.0- 5.0 sec  11.1 MBytes  93.3 Mbits/sec
[ 16]  5.0- 6.0 sec  11.4 MBytes  95.4 Mbits/sec
[ 16]  6.0- 7.0 sec  11.1 MBytes  93.3 Mbits/sec
[ 16]  7.0- 8.0 sec  11.2 MBytes  94.4 Mbits/sec
[ 16]  8.0- 9.0 sec  11.0 MBytes  92.3 Mbits/sec
[ 16]  9.0-10.0 sec  10.9 MBytes  91.2 Mbits/sec
[ 16] 10.0-11.0 sec  11.0 MBytes  92.3 Mbits/sec
[ 16] 11.0-12.0 sec  10.9 MBytes  91.2 Mbits/sec
[ 16] 12.0-13.0 sec  11.0 MBytes  92.3 Mbits/sec
[ 16] 13.0-14.0 sec  10.9 MBytes  91.2 Mbits/sec
[ 16] 14.0-15.0 sec  11.0 MBytes  92.3 Mbits/sec
[ 16] 15.0-16.0 sec  11.0 MBytes  92.3 Mbits/sec
[ 16] 16.0-17.0 sec  11.2 MBytes  94.4 Mbits/sec
[ 16] 17.0-18.0 sec  11.1 MBytes  93.3 Mbits/sec
[ 16] 18.0-19.0 sec  11.1 MBytes  93.3 Mbits/sec
[ 16] 19.0-20.0 sec  8.25 MBytes  69.2 Mbits/sec
[ 16] 20.0-21.0 sec  11.6 MBytes  97.5 Mbits/sec
[ 16] 21.0-22.0 sec  11.1 MBytes  93.3 Mbits/sec
[ 16] 22.0-23.0 sec  11.1 MBytes  93.3 Mbits/sec
[ 16] 23.0-24.0 sec  11.1 MBytes  93.3 Mbits/sec
[ 16] 24.0-25.0 sec  11.1 MBytes  93.3 Mbits/sec
[ 16] 25.0-26.0 sec  11.1 MBytes  93.3 Mbits/sec
[ 16] 26.0-27.0 sec  11.2 MBytes  94.4 Mbits/sec
[ 16] 27.0-28.0 sec  11.1 MBytes  93.3 Mbits/sec
[ 16] 28.0-29.0 sec  11.2 MBytes  94.4 Mbits/sec
[ 16] 29.0-30.0 sec  11.1 MBytes  93.3 Mbits/sec
[ 16] 30.0-31.0 sec  11.1 MBytes  93.3 Mbits/sec
[ 16] 31.0-32.0 sec  11.1 MBytes  93.3 Mbits/sec
[ 16] 32.0-33.0 sec  10.9 MBytes  91.2 Mbits/sec
[ 16] 33.0-34.0 sec  11.1 MBytes  93.3 Mbits/sec
[ 16] 34.0-35.0 sec  11.2 MBytes  94.4 Mbits/sec
[ 16] 35.0-36.0 sec  11.1 MBytes  93.3 Mbits/sec
[ 16] 36.0-37.0 sec  11.4 MBytes  95.4 Mbits/sec
[ 16] 37.0-38.0 sec  11.0 MBytes  92.3 Mbits/sec
[ 16] 38.0-39.0 sec  8.38 MBytes  70.3 Mbits/sec
[ 16] 39.0-40.0 sec  11.1 MBytes  93.3 Mbits/sec
[ 16] 40.0-41.0 sec  13.6 MBytes   114 Mbits/sec
[ 16] 41.0-42.0 sec  8.38 MBytes  70.3 Mbits/sec
[ 16] 42.0-43.0 sec  11.2 MBytes  94.4 Mbits/sec
[ 16] 43.0-44.0 sec  11.1 MBytes  93.3 Mbits/sec
[ 16] 44.0-45.0 sec  11.2 MBytes  94.4 Mbits/sec
[ 16] 45.0-46.0 sec  11.1 MBytes  93.3 Mbits/sec
[ 16] 46.0-47.0 sec  11.2 MBytes  94.4 Mbits/sec
[ 16] 47.0-48.0 sec  11.5 MBytes  96.5 Mbits/sec
[ 16] 48.0-49.0 sec  11.0 MBytes  92.3 Mbits/sec
[ 16] 49.0-50.0 sec  11.2 MBytes  94.4 Mbits/sec
[ 16] 50.0-51.0 sec  11.0 MBytes  92.3 Mbits/sec
[ 16] 51.0-52.0 sec  11.0 MBytes  92.3 Mbits/sec
[ 16] 52.0-53.0 sec  11.1 MBytes  93.3 Mbits/sec
[ 16] 53.0-54.0 sec  11.1 MBytes  93.3 Mbits/sec
[ 16] 54.0-55.0 sec  11.2 MBytes  94.4 Mbits/sec
[ 16] 55.0-56.0 sec  11.0 MBytes  92.3 Mbits/sec
[ 16] 56.0-57.0 sec  11.0 MBytes  92.3 Mbits/sec
[ 16] 57.0-58.0 sec  11.0 MBytes  92.3 Mbits/sec
[ 16] 58.0-59.0 sec  11.1 MBytes  93.3 Mbits/sec
[ 16] 59.0-60.0 sec  11.2 MBytes  94.4 Mbits/sec
[ 16] 60.0-61.0 sec  8.38 MBytes  70.3 Mbits/sec
[ 16] 61.0-62.0 sec  11.1 MBytes  93.3 Mbits/sec
[ 16] 62.0-63.0 sec  11.2 MBytes  94.4 Mbits/sec
[ 16] 63.0-64.0 sec  11.1 MBytes  93.3 Mbits/sec
[ 16] 64.0-65.0 sec  11.2 MBytes  94.4 Mbits/sec
[ 16] 65.0-66.0 sec  11.1 MBytes  93.3 Mbits/sec
[ 16] 66.0-67.0 sec  11.0 MBytes  92.3 Mbits/sec
[ 16] 67.0-68.0 sec  11.1 MBytes  93.3 Mbits/sec
[ 16] 68.0-69.0 sec  11.1 MBytes  93.3 Mbits/sec
[ 16] 69.0-70.0 sec  11.1 MBytes  93.3 Mbits/sec
[ 16] 70.0-71.0 sec  11.1 MBytes  93.3 Mbits/sec
[ 16] 71.0-72.0 sec  11.0 MBytes  92.3 Mbits/sec
[ 16] 72.0-73.0 sec  11.0 MBytes  92.3 Mbits/sec
[ 16] 73.0-74.0 sec  11.1 MBytes  93.3 Mbits/sec
[ 16] 74.0-75.0 sec  11.2 MBytes  94.4 Mbits/sec
[ 16] 75.0-76.0 sec  11.1 MBytes  93.3 Mbits/sec
[ 16] 76.0-77.0 sec  11.1 MBytes  93.3 Mbits/sec
[ 16] 77.0-78.0 sec  11.2 MBytes  94.4 Mbits/sec
[ 16] 78.0-79.0 sec  11.1 MBytes  93.3 Mbits/sec
[ 16] 79.0-80.0 sec  11.0 MBytes  92.3 Mbits/sec
[ 16] 80.0-81.0 sec  11.1 MBytes  93.3 Mbits/sec
[ 16] 81.0-82.0 sec  11.1 MBytes  93.3 Mbits/sec
[ 16] 82.0-83.0 sec  10.9 MBytes  91.2 Mbits/sec
[ 16] 83.0-84.0 sec  11.1 MBytes  93.3 Mbits/sec
[ 16] 84.0-85.0 sec  8.50 MBytes  71.3 Mbits/sec
[ 16] 85.0-86.0 sec  11.1 MBytes  93.3 Mbits/sec
[ 16] 86.0-87.0 sec  11.0 MBytes  92.3 Mbits/sec
[ 16] 87.0-88.0 sec  11.0 MBytes  92.3 Mbits/sec
[ 16] 88.0-89.0 sec  11.0 MBytes  92.3 Mbits/sec
[ 16] 89.0-90.0 sec  10.9 MBytes  91.2 Mbits/sec
[ 16] 90.0-91.0 sec  11.0 MBytes  92.3 Mbits/sec
[ 16] 91.0-92.0 sec  11.0 MBytes  92.3 Mbits/sec
[ 16] 92.0-93.0 sec  11.0 MBytes  92.3 Mbits/sec
[ 16] 93.0-94.0 sec  11.1 MBytes  93.3 Mbits/sec
[ 16] 94.0-95.0 sec  11.1 MBytes  93.3 Mbits/sec
[ 16] 95.0-96.0 sec  11.2 MBytes  94.4 Mbits/sec
[ 16] 96.0-97.0 sec  11.1 MBytes  93.3 Mbits/sec
[ 16] 97.0-98.0 sec  11.1 MBytes  93.3 Mbits/sec
[ 16] 98.0-99.0 sec  11.0 MBytes  92.3 Mbits/sec
[ 16] 99.0-100.0 sec  11.2 MBytes  94.4 Mbits/sec
[ 16] 100.0-101.0 sec  11.0 MBytes  92.3 Mbits/sec
[ 16] 101.0-102.0 sec  11.1 MBytes  93.3 Mbits/sec
[ 16] 102.0-103.0 sec  11.1 MBytes  93.3 Mbits/sec
[ 16] 103.0-104.0 sec  10.9 MBytes  91.2 Mbits/sec
[ 16] 104.0-105.0 sec  11.1 MBytes  93.3 Mbits/sec
[ 16] 105.0-106.0 sec  11.1 MBytes  93.3 Mbits/sec
[ 16] 106.0-107.0 sec  11.2 MBytes  94.4 Mbits/sec
[ 16] 107.0-108.0 sec  11.1 MBytes  93.3 Mbits/sec
[ 16] 108.0-109.0 sec  11.2 MBytes  94.4 Mbits/sec
[ 16] 109.0-110.0 sec  11.1 MBytes  93.3 Mbits/sec
[ 16] 110.0-111.0 sec  11.1 MBytes  93.3 Mbits/sec
[ 16] 111.0-112.0 sec  11.1 MBytes  93.3 Mbits/sec
[ 16] 112.0-113.0 sec  11.1 MBytes  93.3 Mbits/sec
[ 16] 113.0-114.0 sec  10.9 MBytes  91.2 Mbits/sec
[ 16] 114.0-115.0 sec  11.0 MBytes  92.3 Mbits/sec
[ 16] 115.0-116.0 sec  8.50 MBytes  71.3 Mbits/sec
[ 16] 116.0-117.0 sec  11.2 MBytes  94.4 Mbits/sec
[ 16] 117.0-118.0 sec  11.1 MBytes  93.3 Mbits/sec
[ 16] 118.0-119.0 sec  11.0 MBytes  92.3 Mbits/sec
[ 16] 119.0-120.0 sec  10.9 MBytes  91.2 Mbits/sec
[ 16] 120.0-121.0 sec  11.0 MBytes  92.3 Mbits/sec
[ 16] 121.0-122.0 sec  11.1 MBytes  93.3 Mbits/sec
[ 16] 122.0-123.0 sec  10.9 MBytes  91.2 Mbits/sec
[ 16] 123.0-124.0 sec  11.0 MBytes  92.3 Mbits/sec
[ 16] 124.0-125.0 sec  10.9 MBytes  91.2 Mbits/sec
[ 16] 125.0-126.0 sec  11.2 MBytes  94.4 Mbits/sec
[ 16] 126.0-127.0 sec  11.1 MBytes  93.3 Mbits/sec
[ 16] 127.0-128.0 sec  11.2 MBytes  94.4 Mbits/sec
[ 16] 128.0-129.0 sec  11.0 MBytes  92.3 Mbits/sec
[ 16] 129.0-130.0 sec  11.1 MBytes  93.3 Mbits/sec
[ 16] 130.0-131.0 sec  11.9 MBytes  99.6 Mbits/sec
[ 16] 131.0-132.0 sec  11.0 MBytes  92.3 Mbits/sec
[ 16] 132.0-133.0 sec  11.2 MBytes  94.4 Mbits/sec
[ 16] 133.0-134.0 sec  11.0 MBytes  92.3 Mbits/sec
[ 16] 134.0-135.0 sec  11.0 MBytes  92.3 Mbits/sec
[ 16] 135.0-136.0 sec  9.50 MBytes  79.7 Mbits/sec
[ 16] 136.0-137.0 sec  11.1 MBytes  93.3 Mbits/sec
[ 16] 137.0-138.0 sec  11.1 MBytes  93.3 Mbits/sec
[ 16] 138.0-139.0 sec  11.0 MBytes  92.3 Mbits/sec
[ 16] 139.0-140.0 sec  10.9 MBytes  91.2 Mbits/sec
[ 16] 140.0-141.0 sec  11.1 MBytes  93.3 Mbits/sec
[ 16] 141.0-142.0 sec  11.1 MBytes  93.3 Mbits/sec
[ 16] 142.0-143.0 sec  11.2 MBytes  94.4 Mbits/sec
[ 16] 143.0-144.0 sec  11.1 MBytes  93.3 Mbits/sec
[ 16] 144.0-145.0 sec  11.1 MBytes  93.3 Mbits/sec
[ 16] 145.0-146.0 sec  11.2 MBytes  94.4 Mbits/sec
[ 16] 146.0-147.0 sec  11.1 MBytes  93.3 Mbits/sec
[ 16] 147.0-148.0 sec  11.2 MBytes  94.4 Mbits/sec
[ 16] 148.0-149.0 sec  10.9 MBytes  91.2 Mbits/sec
[ 16] 149.0-150.0 sec  9.50 MBytes  79.7 Mbits/sec
[ 16] 150.0-151.0 sec  11.0 MBytes  92.3 Mbits/sec
[ 16] 151.0-152.0 sec  11.1 MBytes  93.3 Mbits/sec
[ 16] 152.0-153.0 sec  11.1 MBytes  93.3 Mbits/sec
[ 16] 153.0-154.0 sec  11.0 MBytes  92.3 Mbits/sec
[ 16] 154.0-155.0 sec  11.0 MBytes  92.3 Mbits/sec
[ 16] 155.0-156.0 sec  11.1 MBytes  93.3 Mbits/sec
[ 16] 156.0-157.0 sec  11.2 MBytes  94.4 Mbits/sec
[ 16] 157.0-158.0 sec  11.1 MBytes  93.3 Mbits/sec
[ 16] 158.0-159.0 sec  11.2 MBytes  94.4 Mbits/sec
[ 16] 159.0-160.0 sec  11.1 MBytes  93.3 Mbits/sec
[ 16] 160.0-161.0 sec  11.5 MBytes  96.5 Mbits/sec
[ 16] 161.0-162.0 sec  11.1 MBytes  93.3 Mbits/sec
[ 16] 162.0-163.0 sec  11.0 MBytes  92.3 Mbits/sec
[ 16] 163.0-164.0 sec  11.2 MBytes  94.4 Mbits/sec
[ 16] 164.0-165.0 sec  11.0 MBytes  92.3 Mbits/sec
[ 16] 165.0-166.0 sec  10.9 MBytes  91.2 Mbits/sec
[ 16] 166.0-167.0 sec  11.2 MBytes  94.4 Mbits/sec
[ 16] 167.0-168.0 sec  8.38 MBytes  70.3 Mbits/sec
[ 16] 168.0-169.0 sec  11.1 MBytes  93.3 Mbits/sec
[ 16] 169.0-170.0 sec  11.0 MBytes  92.3 Mbits/sec
[ 16] 170.0-171.0 sec  11.0 MBytes  92.3 Mbits/sec
[ 16] 171.0-172.0 sec  10.9 MBytes  91.2 Mbits/sec
[ 16] 172.0-173.0 sec  11.0 MBytes  92.3 Mbits/sec
[ 16] 173.0-174.0 sec  12.9 MBytes   108 Mbits/sec
[ 16] 174.0-175.0 sec  11.8 MBytes  98.6 Mbits/sec
[ 16] 175.0-176.0 sec  8.25 MBytes  69.2 Mbits/sec
[ 16] 176.0-177.0 sec  11.2 MBytes  94.4 Mbits/sec
[ 16] 177.0-178.0 sec  11.1 MBytes  93.3 Mbits/sec
[ 16] 178.0-179.0 sec  11.2 MBytes  94.4 Mbits/sec
[ 16] 179.0-180.0 sec  11.1 MBytes  93.3 Mbits/sec
[ 16] 180.0-181.0 sec  11.1 MBytes  93.3 Mbits/sec
[ 16] 181.0-182.0 sec  11.1 MBytes  93.3 Mbits/sec
[ 16] 182.0-183.0 sec  11.0 MBytes  92.3 Mbits/sec
[ 16] 183.0-184.0 sec  11.2 MBytes  94.4 Mbits/sec
[ 16] 184.0-185.0 sec  11.0 MBytes  92.3 Mbits/sec
[ 16] 185.0-186.0 sec  11.0 MBytes  92.3 Mbits/sec
[ 16] 186.0-187.0 sec  11.1 MBytes  93.3 Mbits/sec
[ 16] 187.0-188.0 sec  11.2 MBytes  94.4 Mbits/sec
[ 16] 188.0-189.0 sec  11.0 MBytes  92.3 Mbits/sec
[ 16] 189.0-190.0 sec  11.0 MBytes  92.3 Mbits/sec
[ 16] 190.0-191.0 sec  10.9 MBytes  91.2 Mbits/sec
[ 16] 191.0-192.0 sec  11.0 MBytes  92.3 Mbits/sec
[ 16] 192.0-193.0 sec  10.9 MBytes  91.2 Mbits/sec
[ 16] 193.0-194.0 sec  11.0 MBytes  92.3 Mbits/sec
[ 16] 194.0-195.0 sec  10.9 MBytes  91.2 Mbits/sec
[ 16] 195.0-196.0 sec  11.0 MBytes  92.3 Mbits/sec
[ 16] 196.0-197.0 sec  11.2 MBytes  94.4 Mbits/sec
[ 16] 197.0-198.0 sec  11.1 MBytes  93.3 Mbits/sec
[ 16] 198.0-199.0 sec  11.1 MBytes  93.3 Mbits/sec
[ 16] 199.0-200.0 sec  11.1 MBytes  93.3 Mbits/sec
[ 16]  0.0-200.2 sec  2.16 GBytes  92.5 Mbits/sec
