------------------------------------------------------------
Client connecting to 10.0.0.3, TCP port 5001
TCP window size: 85.3 KByte (default)
------------------------------------------------------------
[ 17] local 10.0.0.2 port 57284 connected with 10.0.0.3 port 5001
[ ID] Interval       Transfer     Bandwidth
[ 17]  0.0- 1.0 sec  12.9 MBytes   108 Mbits/sec
[ 17]  1.0- 2.0 sec  13.1 MBytes   110 Mbits/sec
[ 17]  2.0- 3.0 sec  12.9 MBytes   108 Mbits/sec
[ 17]  3.0- 4.0 sec  10.8 MBytes  90.2 Mbits/sec
[ 17]  4.0- 5.0 sec  13.6 MBytes   114 Mbits/sec
[ 17]  5.0- 6.0 sec  13.1 MBytes   110 Mbits/sec
[ 17]  6.0- 7.0 sec  10.1 MBytes  84.9 Mbits/sec
[ 17]  7.0- 8.0 sec  10.1 MBytes  84.9 Mbits/sec
[ 17]  8.0- 9.0 sec  10.2 MBytes  86.0 Mbits/sec
[ 17]  9.0-10.0 sec  13.6 MBytes   114 Mbits/sec
[ 17] 10.0-11.0 sec  10.1 MBytes  84.9 Mbits/sec
[ 17] 11.0-12.0 sec  10.1 MBytes  84.9 Mbits/sec
[ 17] 12.0-13.0 sec  13.4 MBytes   112 Mbits/sec
[ 17] 13.0-14.0 sec  10.0 MBytes  83.9 Mbits/sec
[ 17] 14.0-15.0 sec  10.1 MBytes  84.9 Mbits/sec
[ 17] 15.0-16.0 sec  10.0 MBytes  83.9 Mbits/sec
[ 17] 16.0-17.0 sec  13.5 MBytes   113 Mbits/sec
[ 17] 17.0-18.0 sec  10.1 MBytes  84.9 Mbits/sec
[ 17] 18.0-19.0 sec  10.1 MBytes  84.9 Mbits/sec
[ 17] 19.0-20.0 sec  13.5 MBytes   113 Mbits/sec
[ 17] 20.0-21.0 sec  10.1 MBytes  84.9 Mbits/sec
[ 17] 21.0-22.0 sec  10.1 MBytes  84.9 Mbits/sec
[ 17] 22.0-23.0 sec  13.5 MBytes   113 Mbits/sec
[ 17] 23.0-24.0 sec  10.4 MBytes  87.0 Mbits/sec
[ 17] 24.0-25.0 sec  10.1 MBytes  84.9 Mbits/sec
[ 17] 25.0-26.0 sec  10.1 MBytes  84.9 Mbits/sec
[ 17] 26.0-27.0 sec  13.8 MBytes   115 Mbits/sec
[ 17] 27.0-28.0 sec  10.0 MBytes  83.9 Mbits/sec
[ 17] 28.0-29.0 sec  10.1 MBytes  84.9 Mbits/sec
[ 17] 29.0-30.0 sec  11.1 MBytes  93.3 Mbits/sec
[ 17] 30.0-31.0 sec  10.1 MBytes  84.9 Mbits/sec
[ 17] 31.0-32.0 sec  13.5 MBytes   113 Mbits/sec
[ 17] 32.0-33.0 sec  10.2 MBytes  86.0 Mbits/sec
[ 17] 33.0-34.0 sec  10.2 MBytes  86.0 Mbits/sec
[ 17] 34.0-35.0 sec  10.2 MBytes  86.0 Mbits/sec
[ 17] 35.0-36.0 sec  13.5 MBytes   113 Mbits/sec
[ 17] 36.0-37.0 sec  10.2 MBytes  86.0 Mbits/sec
[ 17] 37.0-38.0 sec  10.0 MBytes  83.9 Mbits/sec
[ 17] 38.0-39.0 sec  13.6 MBytes   114 Mbits/sec
[ 17] 39.0-40.0 sec  10.1 MBytes  84.9 Mbits/sec
[ 17] 40.0-41.0 sec  10.1 MBytes  84.9 Mbits/sec
[ 17] 41.0-42.0 sec  13.4 MBytes   112 Mbits/sec
[ 17] 42.0-43.0 sec  10.1 MBytes  84.9 Mbits/sec
[ 17] 43.0-44.0 sec  10.1 MBytes  84.9 Mbits/sec
[ 17] 44.0-45.0 sec  10.1 MBytes  84.9 Mbits/sec
[ 17] 45.0-46.0 sec  11.4 MBytes  95.4 Mbits/sec
[ 17] 46.0-47.0 sec  13.5 MBytes   113 Mbits/sec
[ 17] 47.0-48.0 sec  10.1 MBytes  84.9 Mbits/sec
[ 17] 48.0-49.0 sec  10.2 MBytes  86.0 Mbits/sec
[ 17] 49.0-50.0 sec  10.0 MBytes  83.9 Mbits/sec
[ 17]  0.0-50.0 sec   562 MBytes  94.3 Mbits/sec
